#
# There is insufficient memory for the Java Runtime Environment to continue.
# Native memory allocation (mmap) failed to map 132120576 bytes for G1 virtual space
# Possible reasons:
#   The system is out of physical RAM or swap space
#   The process is running with CompressedOops enabled, and the Java Heap may be blocking the growth of the native heap
# Possible solutions:
#   Reduce memory load on the system
#   Increase physical memory or swap space
#   Check if swap backing store is full
#   Decrease Java heap size (-Xmx/-Xms)
#   Decrease number of Java threads
#   Decrease Java thread stack sizes (-Xss)
#   Set larger code cache with -XX:ReservedCodeCacheSize=
#   JVM is running with Unscaled Compressed Oops mode in which the Java heap is
#     placed in the first 4GB address space. The Java Heap base address is the
#     maximum limit for the native heap growth. Please use -XX:HeapBaseMinAddress
#     to set the Java Heap base and to place the Java Heap above 4GB virtual address.
# This output file may be truncated or incomplete.
#
#  Out of Memory Error (os_windows.cpp:3753), pid=10840, tid=3376
#
# JRE version:  (17.0.4.1+7) (build )
# Java VM: OpenJDK 64-Bit Server VM (17.0.4.1+7-b469.62, mixed mode, sharing, tiered, compressed oops, compressed class ptrs, g1 gc, windows-amd64)
# No core dump will be written. Minidumps are not enabled by default on client versions of Windows
#

---------------  S U M M A R Y ------------

Command Line: git4idea.http.GitAskPassApp Username for 'https://github.com': 

Host: Intel(R) Core(TM) i5-8257U CPU @ 1.40GHz, 8 cores, 7G,  Windows 10 , 64 bit Build 19041 (10.0.19041.2251)
Time: Mon Nov 21 22:52:53 2022 Stredoeurópsky 4 bit Build 19041 (10.0.19041.2251) elapsed time: 0.009403 seconds (0d 0h 0m 0s)

---------------  T H R E A D  ---------------

Current thread (0x0000021ea7961ce0):  JavaThread "Unknown thread" [_thread_in_vm, id=3376, stack(0x000000390c500000,0x000000390c600000)]

Stack: [0x000000390c500000,0x000000390c600000]
Native frames: (J=compiled Java code, j=interpreted, Vv=VM code, C=native code)
V  [jvm.dll+0x68356a]
V  [jvm.dll+0x83fab4]
V  [jvm.dll+0x84125e]
V  [jvm.dll+0x8418c3]
V  [jvm.dll+0x249735]
V  [jvm.dll+0x680439]
V  [jvm.dll+0x674a7a]
V  [jvm.dll+0x30956b]
V  [jvm.dll+0x310a26]
V  [jvm.dll+0x36089e]
V  [jvm.dll+0x360acf]
V  [jvm.dll+0x2df658]
V  [jvm.dll+0x2e05c4]
V  [jvm.dll+0x8112a1]
V  [jvm.dll+0x36e6f1]
V  [jvm.dll+0x7f076c]
V  [jvm.dll+0x3f180f]
V  [jvm.dll+0x3f3351]
C  [jli.dll+0x526b]
C  [ucrtbase.dll+0x21bb2]
C  [KERNEL32.DLL+0x174b4]
C  [ntdll.dll+0x526a1]


---------------  P R O C E S S  ---------------

Threads class SMR info:
_java_thread_list=0x00007ffe4c6b7f58, length=0, elements={
}

Java Threads: ( => current thread )

Other Threads:
  0x0000021ea79bd9d0 GCTaskThread "GC Thread#0" [stack: 0x000000390c600000,0x000000390c700000] [id=11228]
  0x0000021ea79ce360 ConcurrentGCThread "G1 Main Marker" [stack: 0x000000390c700000,0x000000390c800000] [id=3240]
  0x0000021ea79cec80 ConcurrentGCThread "G1 Conc#0" [stack: 0x000000390c800000,0x000000390c900000] [id=2688]

[error occurred during error reporting (printing all threads), id 0xc0000005, EXCEPTION_ACCESS_VIOLATION (0xc0000005) at pc=0x00007ffe4be70217]

VM state: not at safepoint (not fully initialized)

VM Mutex/Monitor currently owned by a thread:  ([mutex/lock_event])
[0x0000021ea795d030] Heap_lock - owner thread: 0x0000021ea7961ce0

Heap address: 0x0000000082600000, size: 2010 MB, Compressed Oops mode: 32-bit

CDS archive(s) mapped at: [0x0000000000000000-0x0000000000000000-0x0000000000000000), size 0, SharedBaseAddress: 0x0000000800000000, ArchiveRelocationMode: 0.
Narrow klass base: 0x0000000000000000, Narrow klass shift: 0, Narrow klass range: 0x0

GC Precious Log:
<Empty>

Heap:
 garbage-first heap   total 0K, used 0K [0x0000000082600000, 0x0000000100000000)
  region size 1024K, 0 young (0K), 0 survivors (0K)

[error occurred during error reporting (printing heap information), id 0xc0000005, EXCEPTION_ACCESS_VIOLATION (0xc0000005) at pc=0x00007ffe4c25d1f9]

GC Heap History (0 events):
No events

Deoptimization events (0 events):
No events

Classes unloaded (0 events):
No events

Classes redefined (0 events):
No events

Internal exceptions (0 events):
No events

VM Operations (0 events):
No events

Events (1 events):
Event: 0.005 Loaded shared library C:\Program Files\JetBrains\PhpStorm 2022.2.3\jbr\bin\java.dll


Dynamic libraries:
0x00007ff71ced0000 - 0x00007ff71ceda000 	C:\Program Files\JetBrains\PhpStorm 2022.2.3\jbr\bin\java.exe
0x00007ffe93d50000 - 0x00007ffe93f48000 	C:\Windows\SYSTEM32\ntdll.dll
0x00007ffe91da0000 - 0x00007ffe91e5f000 	C:\Windows\System32\KERNEL32.DLL
0x00007ffe919b0000 - 0x00007ffe91c82000 	C:\Windows\System32\KERNELBASE.dll
0x00007ffe915d0000 - 0x00007ffe916d0000 	C:\Windows\System32\ucrtbase.dll
0x00007ffe7f850000 - 0x00007ffe7f867000 	C:\Program Files\JetBrains\PhpStorm 2022.2.3\jbr\bin\jli.dll
0x00007ffe7ee70000 - 0x00007ffe7ee8b000 	C:\Program Files\JetBrains\PhpStorm 2022.2.3\jbr\bin\VCRUNTIME140.dll
0x00007ffe93300000 - 0x00007ffe9349d000 	C:\Windows\System32\USER32.dll
0x00007ffe7f400000 - 0x00007ffe7f69a000 	C:\Windows\WinSxS\amd64_microsoft.windows.common-controls_6595b64144ccf1df_6.0.19041.1110_none_60b5254171f9507e\COMCTL32.dll
0x00007ffe915a0000 - 0x00007ffe915c2000 	C:\Windows\System32\win32u.dll
0x00007ffe93920000 - 0x00007ffe939be000 	C:\Windows\System32\msvcrt.dll
0x00007ffe92be0000 - 0x00007ffe92c0b000 	C:\Windows\System32\GDI32.dll
0x00007ffe91c90000 - 0x00007ffe91d9f000 	C:\Windows\System32\gdi32full.dll
0x00007ffe91500000 - 0x00007ffe9159d000 	C:\Windows\System32\msvcp_win.dll
0x00007ffe93a30000 - 0x00007ffe93a62000 	C:\Windows\System32\IMM32.DLL
0x00007ffe8b320000 - 0x00007ffe8b32c000 	C:\Program Files\JetBrains\PhpStorm 2022.2.3\jbr\bin\vcruntime140_1.dll
0x00007ffe792d0000 - 0x00007ffe7935d000 	C:\Program Files\JetBrains\PhpStorm 2022.2.3\jbr\bin\msvcp140.dll
0x00007ffe4bb80000 - 0x00007ffe4c7e9000 	C:\Program Files\JetBrains\PhpStorm 2022.2.3\jbr\bin\server\jvm.dll
0x00007ffe92d40000 - 0x00007ffe92dee000 	C:\Windows\System32\ADVAPI32.dll
0x00007ffe92df0000 - 0x00007ffe92e8c000 	C:\Windows\System32\sechost.dll
0x00007ffe93b50000 - 0x00007ffe93c75000 	C:\Windows\System32\RPCRT4.dll
0x00007ffe92aa0000 - 0x00007ffe92aa8000 	C:\Windows\System32\PSAPI.DLL
0x00007ffe7e530000 - 0x00007ffe7e557000 	C:\Windows\SYSTEM32\WINMM.dll
0x00007ffe77800000 - 0x00007ffe77809000 	C:\Windows\SYSTEM32\WSOCK32.dll
0x00007ffe89d50000 - 0x00007ffe89d5a000 	C:\Windows\SYSTEM32\VERSION.dll
0x00007ffe92b70000 - 0x00007ffe92bdb000 	C:\Windows\System32\WS2_32.dll
0x00007ffe8f310000 - 0x00007ffe8f322000 	C:\Windows\SYSTEM32\kernel.appcore.dll
0x00007ffe4ccb0000 - 0x00007ffe4ccba000 	C:\Program Files\JetBrains\PhpStorm 2022.2.3\jbr\bin\jimage.dll
0x00007ffe8c1b0000 - 0x00007ffe8c394000 	C:\Windows\SYSTEM32\DBGHELP.DLL
0x00007ffe76a50000 - 0x00007ffe76a7c000 	C:\Windows\SYSTEM32\dbgcore.DLL
0x00007ffe91920000 - 0x00007ffe919a2000 	C:\Windows\System32\bcryptPrimitives.dll
0x00007ffe4cc80000 - 0x00007ffe4cca5000 	C:\Program Files\JetBrains\PhpStorm 2022.2.3\jbr\bin\java.dll

dbghelp: loaded successfully - version: 4.0.5 - missing functions: none
symbol engine: initialized successfully - sym options: 0x614 - pdb path: .;C:\Program Files\JetBrains\PhpStorm 2022.2.3\jbr\bin;C:\Windows\SYSTEM32;C:\Windows\WinSxS\amd64_microsoft.windows.common-controls_6595b64144ccf1df_6.0.19041.1110_none_60b5254171f9507e;C:\Program Files\JetBrains\PhpStorm 2022.2.3\jbr\bin\server

VM Arguments:
java_command: git4idea.http.GitAskPassApp Username for 'https://github.com': 
java_class_path (initial): C:/Program Files/JetBrains/PhpStorm 2022.2.3/plugins/git4idea/lib/git4idea-rt.jar;C:/Program Files/JetBrains/PhpStorm 2022.2.3/lib/externalProcess-rt.jar;C:/Program Files/JetBrains/PhpStorm 2022.2.3/lib/app.jar;C:/Program Files/JetBrains/PhpStorm 2022.2.3/lib/3rd-party-rt.jar
Launcher Type: SUN_STANDARD

[Global flags]
     intx CICompilerCount                          = 4                                         {product} {ergonomic}
     uint ConcGCThreads                            = 2                                         {product} {ergonomic}
     uint G1ConcRefinementThreads                  = 8                                         {product} {ergonomic}
   size_t G1HeapRegionSize                         = 1048576                                   {product} {ergonomic}
    uintx GCDrainStackTargetSize                   = 64                                        {product} {ergonomic}
   size_t InitialHeapSize                          = 132120576                                 {product} {ergonomic}
   size_t MarkStackSize                            = 4194304                                   {product} {ergonomic}
   size_t MaxHeapSize                              = 2107637760                                {product} {ergonomic}
   size_t MinHeapDeltaBytes                        = 1048576                                   {product} {ergonomic}
   size_t MinHeapSize                              = 8388608                                   {product} {ergonomic}
    uintx NonNMethodCodeHeapSize                   = 5839372                                {pd product} {ergonomic}
    uintx NonProfiledCodeHeapSize                  = 122909434                              {pd product} {ergonomic}
    uintx ProfiledCodeHeapSize                     = 122909434                              {pd product} {ergonomic}
    uintx ReservedCodeCacheSize                    = 251658240                              {pd product} {ergonomic}
     bool SegmentedCodeCache                       = true                                      {product} {ergonomic}
   size_t SoftMaxHeapSize                          = 2107637760                             {manageable} {ergonomic}
     bool UseCompressedClassPointers               = true                           {product lp64_product} {ergonomic}
     bool UseCompressedOops                        = true                           {product lp64_product} {ergonomic}
     bool UseG1GC                                  = true                                      {product} {ergonomic}
     bool UseLargePagesIndividualAllocation        = false                                  {pd product} {ergonomic}

Logging:
Log output configuration:
 #0: stdout all=warning uptime,level,tags
 #1: stderr all=off uptime,level,tags

Environment Variables:
PATH=C:\Program Files\Git\mingw64\libexec\git-core;C:\Program Files\Git\mingw64\libexec\git-core;C:\Program Files\Git\mingw64\bin;C:\Program Files\Git\usr\bin;C:\Users\Daniel Lieskovský\bin;C:\Program Files (x86)\Rockwell Software\RSCommon;C:\Python310\Scripts;C:\Python310;C:\Program Files (x86)\Windows Resource Kits\Tools;C:\Program Files\Common Files\Oracle\Java\javapath;C:\Program Files (x86)\Common Files\Oracle\Java\javapath;C:\Windows\system32;C:\Windows;C:\Windows\System32\Wbem;C:\Windows\System32\WindowsPowerShell\v1.0;C:\Windows\System32\OpenSSH;C:\Program Files\dotnet;C:\Program Files\Git\cmd;C:\ProgramData\chocolatey\bin;C:\Program Files\Microsoft SQL Server\150\Tools\Binn;C:\Program Files (x86)\Microsoft SQL Server\150\DTS\Binn;C:\Program Files\Azure Data Studio\bin;C:\Program Files\nodejs;C:\Program Files\Microsoft SQL Server\130\Tools\Binn;C:\Program Files\Microsoft SQL Server\Client SDK\ODBC\170\Tools\Binn;C:\Program Files\PuTTY;C:\Users\Daniel Lieskovský\AppData\Local\Microsoft\WindowsApps;C:\Users\Daniel Lieskovský\.dotnet\tools;C:\Users\Daniel Lieskovský\AppData\Local\Programs\Microsoft VS Code\bin;C:\Program Files\Azure Data Studio\bin;C:\Users\Daniel Lieskovský\AppData\Roaming\npm;C:\Program Files\JetBrains\PhpStorm 2022.2.3\bin
USERNAME=Daniel Lieskovský
DISPLAY=:0.0
LC_ALL=en_US.UTF-8
TERM=cygwin
TMPDIR=C:\rdir
OS=Windows_NT
PROCESSOR_IDENTIFIER=Intel64 Family 6 Model 142 Stepping 10, GenuineIntel
TMP=C:\Users\Daniel Lieskovský\AppData\Local\Temp
TEMP=C:\Users\Daniel Lieskovský\AppData\Local\Temp



---------------  S Y S T E M  ---------------

OS:
 Windows 10 , 64 bit Build 19041 (10.0.19041.2251)
OS uptime: 0 days 2:41 hours

CPU: total 8 (initial active 8) (4 cores per cpu, 2 threads per core) family 6 model 142 stepping 10 microcode 0xf0, cx8, cmov, fxsr, ht, mmx, 3dnowpref, sse, sse2, sse3, ssse3, sse4.1, sse4.2, popcnt, lzcnt, tsc, tscinvbit, avx, avx2, aes, erms, clmul, bmi1, bmi2, adx, fma, vzeroupper, clflush, clflushopt

Memory: 4k page, system-wide physical 8038M (1176M free)
TotalPageFile size 10086M (AvailPageFile size 34M)
current process WorkingSet (physical memory assigned to process): 10M, peak: 10M
current process commit charge ("private bytes"): 60M, peak: 186M

vm_info: OpenJDK 64-Bit Server VM (17.0.4.1+7-b469.62) for windows-amd64 JRE (17.0.4.1+7-b469.62), built on 2022-09-22 by "builduser" with MS VC++ 16.10 / 16.11 (VS2019)

END.
