#
# There is insufficient memory for the Java Runtime Environment to continue.
# Native memory allocation (mmap) failed to map 132120576 bytes for G1 virtual space
# Possible reasons:
#   The system is out of physical RAM or swap space
#   The process is running with CompressedOops enabled, and the Java Heap may be blocking the growth of the native heap
# Possible solutions:
#   Reduce memory load on the system
#   Increase physical memory or swap space
#   Check if swap backing store is full
#   Decrease Java heap size (-Xmx/-Xms)
#   Decrease number of Java threads
#   Decrease Java thread stack sizes (-Xss)
#   Set larger code cache with -XX:ReservedCodeCacheSize=
#   JVM is running with Unscaled Compressed Oops mode in which the Java heap is
#     placed in the first 4GB address space. The Java Heap base address is the
#     maximum limit for the native heap growth. Please use -XX:HeapBaseMinAddress
#     to set the Java Heap base and to place the Java Heap above 4GB virtual address.
# This output file may be truncated or incomplete.
#
#  Out of Memory Error (os_windows.cpp:3753), pid=7640, tid=2468
#
# JRE version:  (17.0.4.1+7) (build )
# Java VM: OpenJDK 64-Bit Server VM (17.0.4.1+7-b469.62, mixed mode, sharing, tiered, compressed oops, compressed class ptrs, g1 gc, windows-amd64)
# No core dump will be written. Minidumps are not enabled by default on client versions of Windows
#

---------------  S U M M A R Y ------------

Command Line: git4idea.http.GitAskPassApp Username for 'https://github.com': 

Host: Intel(R) Core(TM) i5-8257U CPU @ 1.40GHz, 8 cores, 7G,  Windows 10 , 64 bit Build 19041 (10.0.19041.1889)
Time: Mon Nov 21 19:52:10 2022 Stredoeurópsky 4 bit Build 19041 (10.0.19041.1889) elapsed time: 0.013153 seconds (0d 0h 0m 0s)

---------------  T H R E A D  ---------------

Current thread (0x000001fd965caf50):  JavaThread "Unknown thread" [_thread_in_vm, id=2468, stack(0x0000003854d00000,0x0000003854e00000)]

Stack: [0x0000003854d00000,0x0000003854e00000]
Native frames: (J=compiled Java code, j=interpreted, Vv=VM code, C=native code)
V  [jvm.dll+0x68356a]
V  [jvm.dll+0x83fab4]
V  [jvm.dll+0x84125e]
V  [jvm.dll+0x8418c3]
V  [jvm.dll+0x249735]
V  [jvm.dll+0x680439]
V  [jvm.dll+0x674a7a]
V  [jvm.dll+0x30956b]
V  [jvm.dll+0x310a26]
V  [jvm.dll+0x36089e]
V  [jvm.dll+0x360acf]
V  [jvm.dll+0x2df658]
V  [jvm.dll+0x2e05c4]
V  [jvm.dll+0x8112a1]
V  [jvm.dll+0x36e6f1]
V  [jvm.dll+0x7f076c]
V  [jvm.dll+0x3f180f]
V  [jvm.dll+0x3f3351]
C  [jli.dll+0x526b]
C  [ucrtbase.dll+0x21bb2]
C  [KERNEL32.DLL+0x17034]
C  [ntdll.dll+0x526a1]


---------------  P R O C E S S  ---------------

Threads class SMR info:
_java_thread_list=0x00007ff9a8677f58, length=0, elements={
}

Java Threads: ( => current thread )

Other Threads:
  0x000001fd986f3b60 GCTaskThread "GC Thread#0" [stack: 0x0000003854e00000,0x0000003854f00000] [id=2300]
  0x000001fd987045e0 ConcurrentGCThread "G1 Main Marker" [stack: 0x0000003854f00000,0x0000003855000000] [id=12200]
  0x000001fd98705790 ConcurrentGCThread "G1 Conc#0" [stack: 0x0000003855000000,0x0000003855100000] [id=12364]

[error occurred during error reporting (printing all threads), id 0xc0000005, EXCEPTION_ACCESS_VIOLATION (0xc0000005) at pc=0x00007ff9a7e30217]

VM state: not at safepoint (not fully initialized)

VM Mutex/Monitor currently owned by a thread:  ([mutex/lock_event])
[0x000001fd986976d0] Heap_lock - owner thread: 0x000001fd965caf50

Heap address: 0x0000000082600000, size: 2010 MB, Compressed Oops mode: 32-bit

CDS archive(s) mapped at: [0x0000000000000000-0x0000000000000000-0x0000000000000000), size 0, SharedBaseAddress: 0x0000000800000000, ArchiveRelocationMode: 0.
Narrow klass base: 0x0000000000000000, Narrow klass shift: 0, Narrow klass range: 0x0

GC Precious Log:
<Empty>

Heap:
 garbage-first heap   total 0K, used 0K [0x0000000082600000, 0x0000000100000000)
  region size 1024K, 0 young (0K), 0 survivors (0K)

[error occurred during error reporting (printing heap information), id 0xc0000005, EXCEPTION_ACCESS_VIOLATION (0xc0000005) at pc=0x00007ff9a821d1f9]

GC Heap History (0 events):
No events

Deoptimization events (0 events):
No events

Classes unloaded (0 events):
No events

Classes redefined (0 events):
No events

Internal exceptions (0 events):
No events

VM Operations (0 events):
No events

Events (1 events):
Event: 0.006 Loaded shared library C:\Program Files\JetBrains\PhpStorm 2022.2.3\jbr\bin\java.dll


Dynamic libraries:
0x00007ff7ae100000 - 0x00007ff7ae10a000 	C:\Program Files\JetBrains\PhpStorm 2022.2.3\jbr\bin\java.exe
0x00007ff9e4190000 - 0x00007ff9e4388000 	C:\Windows\SYSTEM32\ntdll.dll
0x00007ff9e21f0000 - 0x00007ff9e22ad000 	C:\Windows\System32\KERNEL32.DLL
0x00007ff9e1d40000 - 0x00007ff9e2012000 	C:\Windows\System32\KERNELBASE.dll
0x00007ff9e1c40000 - 0x00007ff9e1d40000 	C:\Windows\System32\ucrtbase.dll
0x00007ff9d1170000 - 0x00007ff9d118b000 	C:\Program Files\JetBrains\PhpStorm 2022.2.3\jbr\bin\VCRUNTIME140.dll
0x00007ff9d1120000 - 0x00007ff9d1137000 	C:\Program Files\JetBrains\PhpStorm 2022.2.3\jbr\bin\jli.dll
0x00007ff9e2d20000 - 0x00007ff9e2ebd000 	C:\Windows\System32\USER32.dll
0x00007ff9d0680000 - 0x00007ff9d091a000 	C:\Windows\WinSxS\amd64_microsoft.windows.common-controls_6595b64144ccf1df_6.0.19041.1110_none_60b5254171f9507e\COMCTL32.dll
0x00007ff9e2130000 - 0x00007ff9e2152000 	C:\Windows\System32\win32u.dll
0x00007ff9e3720000 - 0x00007ff9e37be000 	C:\Windows\System32\msvcrt.dll
0x00007ff9e35f0000 - 0x00007ff9e361b000 	C:\Windows\System32\GDI32.dll
0x00007ff9e2020000 - 0x00007ff9e212f000 	C:\Windows\System32\gdi32full.dll
0x00007ff9e1ba0000 - 0x00007ff9e1c3d000 	C:\Windows\System32\msvcp_win.dll
0x00007ff9e3090000 - 0x00007ff9e30c0000 	C:\Windows\System32\IMM32.DLL
0x00007ff9d9fc0000 - 0x00007ff9d9fcc000 	C:\Program Files\JetBrains\PhpStorm 2022.2.3\jbr\bin\vcruntime140_1.dll
0x00007ff9c5dc0000 - 0x00007ff9c5e4d000 	C:\Program Files\JetBrains\PhpStorm 2022.2.3\jbr\bin\msvcp140.dll
0x00007ff9a7b40000 - 0x00007ff9a87a9000 	C:\Program Files\JetBrains\PhpStorm 2022.2.3\jbr\bin\server\jvm.dll
0x00007ff9e3fe0000 - 0x00007ff9e408e000 	C:\Windows\System32\ADVAPI32.dll
0x00007ff9e3f40000 - 0x00007ff9e3fdc000 	C:\Windows\System32\sechost.dll
0x00007ff9e2bf0000 - 0x00007ff9e2d15000 	C:\Windows\System32\RPCRT4.dll
0x00007ff9e3e50000 - 0x00007ff9e3e58000 	C:\Windows\System32\PSAPI.DLL
0x00007ff9cfa80000 - 0x00007ff9cfaa7000 	C:\Windows\SYSTEM32\WINMM.dll
0x00007ff9dc7d0000 - 0x00007ff9dc7d9000 	C:\Windows\SYSTEM32\WSOCK32.dll
0x00007ff9e3620000 - 0x00007ff9e368b000 	C:\Windows\System32\WS2_32.dll
0x00007ff9da210000 - 0x00007ff9da21a000 	C:\Windows\SYSTEM32\VERSION.dll
0x00007ff9df760000 - 0x00007ff9df772000 	C:\Windows\SYSTEM32\kernel.appcore.dll
0x00007ff9dc300000 - 0x00007ff9dc30a000 	C:\Program Files\JetBrains\PhpStorm 2022.2.3\jbr\bin\jimage.dll
0x00007ff9de410000 - 0x00007ff9de5f4000 	C:\Windows\SYSTEM32\DBGHELP.DLL
0x00007ff9d9cf0000 - 0x00007ff9d9d1c000 	C:\Windows\SYSTEM32\dbgcore.DLL
0x00007ff9e2160000 - 0x00007ff9e21e2000 	C:\Windows\System32\bcryptPrimitives.dll
0x00007ff9d1060000 - 0x00007ff9d1085000 	C:\Program Files\JetBrains\PhpStorm 2022.2.3\jbr\bin\java.dll

dbghelp: loaded successfully - version: 4.0.5 - missing functions: none
symbol engine: initialized successfully - sym options: 0x614 - pdb path: .;C:\Program Files\JetBrains\PhpStorm 2022.2.3\jbr\bin;C:\Windows\SYSTEM32;C:\Windows\WinSxS\amd64_microsoft.windows.common-controls_6595b64144ccf1df_6.0.19041.1110_none_60b5254171f9507e;C:\Program Files\JetBrains\PhpStorm 2022.2.3\jbr\bin\server

VM Arguments:
java_command: git4idea.http.GitAskPassApp Username for 'https://github.com': 
java_class_path (initial): C:/Program Files/JetBrains/PhpStorm 2022.2.3/plugins/git4idea/lib/git4idea-rt.jar;C:/Program Files/JetBrains/PhpStorm 2022.2.3/lib/externalProcess-rt.jar;C:/Program Files/JetBrains/PhpStorm 2022.2.3/lib/app.jar;C:/Program Files/JetBrains/PhpStorm 2022.2.3/lib/3rd-party-rt.jar
Launcher Type: SUN_STANDARD

[Global flags]
     intx CICompilerCount                          = 4                                         {product} {ergonomic}
     uint ConcGCThreads                            = 2                                         {product} {ergonomic}
     uint G1ConcRefinementThreads                  = 8                                         {product} {ergonomic}
   size_t G1HeapRegionSize                         = 1048576                                   {product} {ergonomic}
    uintx GCDrainStackTargetSize                   = 64                                        {product} {ergonomic}
   size_t InitialHeapSize                          = 132120576                                 {product} {ergonomic}
   size_t MarkStackSize                            = 4194304                                   {product} {ergonomic}
   size_t MaxHeapSize                              = 2107637760                                {product} {ergonomic}
   size_t MinHeapDeltaBytes                        = 1048576                                   {product} {ergonomic}
   size_t MinHeapSize                              = 8388608                                   {product} {ergonomic}
    uintx NonNMethodCodeHeapSize                   = 5839372                                {pd product} {ergonomic}
    uintx NonProfiledCodeHeapSize                  = 122909434                              {pd product} {ergonomic}
    uintx ProfiledCodeHeapSize                     = 122909434                              {pd product} {ergonomic}
    uintx ReservedCodeCacheSize                    = 251658240                              {pd product} {ergonomic}
     bool SegmentedCodeCache                       = true                                      {product} {ergonomic}
   size_t SoftMaxHeapSize                          = 2107637760                             {manageable} {ergonomic}
     bool UseCompressedClassPointers               = true                           {product lp64_product} {ergonomic}
     bool UseCompressedOops                        = true                           {product lp64_product} {ergonomic}
     bool UseG1GC                                  = true                                      {product} {ergonomic}
     bool UseLargePagesIndividualAllocation        = false                                  {pd product} {ergonomic}

Logging:
Log output configuration:
 #0: stdout all=warning uptime,level,tags
 #1: stderr all=off uptime,level,tags

Environment Variables:
PATH=C:\Program Files\Git\mingw64\libexec\git-core;C:\Program Files\Git\mingw64\libexec\git-core;C:\Program Files\Git\mingw64\bin;C:\Program Files\Git\usr\bin;C:\Users\Daniel Lieskovský\bin;C:\Program Files (x86)\Rockwell Software\RSCommon;C:\Python310\Scripts;C:\Python310;C:\Program Files (x86)\Windows Resource Kits\Tools;C:\Program Files\Common Files\Oracle\Java\javapath;C:\Program Files (x86)\Common Files\Oracle\Java\javapath;C:\Windows\system32;C:\Windows;C:\Windows\System32\Wbem;C:\Windows\System32\WindowsPowerShell\v1.0;C:\Windows\System32\OpenSSH;C:\Program Files\dotnet;C:\Program Files\Git\cmd;C:\ProgramData\chocolatey\bin;C:\Program Files\Microsoft SQL Server\150\Tools\Binn;C:\Program Files (x86)\Microsoft SQL Server\150\DTS\Binn;C:\Program Files\Azure Data Studio\bin;C:\Program Files\nodejs;C:\Program Files\Microsoft SQL Server\130\Tools\Binn;C:\Program Files\Microsoft SQL Server\Client SDK\ODBC\170\Tools\Binn;C:\Program Files\PuTTY;C:\Users\Daniel Lieskovský\AppData\Local\Microsoft\WindowsApps;C:\Users\Daniel Lieskovský\.dotnet\tools;C:\Users\Daniel Lieskovský\AppData\Local\Programs\Microsoft VS Code\bin;C:\Program Files\Azure Data Studio\bin;C:\Users\Daniel Lieskovský\AppData\Roaming\npm;C:\Program Files\JetBrains\PhpStorm 2022.2.3\bin
USERNAME=Daniel Lieskovský
DISPLAY=:0.0
LC_ALL=en_US.UTF-8
TERM=cygwin
TMPDIR=C:\rdir
OS=Windows_NT
PROCESSOR_IDENTIFIER=Intel64 Family 6 Model 142 Stepping 10, GenuineIntel
TMP=C:\Users\Daniel Lieskovský\AppData\Local\Temp
TEMP=C:\Users\Daniel Lieskovský\AppData\Local\Temp



---------------  S Y S T E M  ---------------

OS:
 Windows 10 , 64 bit Build 19041 (10.0.19041.1889)
OS uptime: 0 days 4:47 hours

CPU: total 8 (initial active 8) (4 cores per cpu, 2 threads per core) family 6 model 142 stepping 10 microcode 0xf0, cx8, cmov, fxsr, ht, mmx, 3dnowpref, sse, sse2, sse3, ssse3, sse4.1, sse4.2, popcnt, lzcnt, tsc, tscinvbit, avx, avx2, aes, erms, clmul, bmi1, bmi2, adx, fma, vzeroupper, clflush, clflushopt

Memory: 4k page, system-wide physical 8038M (1020M free)
TotalPageFile size 10086M (AvailPageFile size 122M)
current process WorkingSet (physical memory assigned to process): 10M, peak: 10M
current process commit charge ("private bytes"): 60M, peak: 186M

vm_info: OpenJDK 64-Bit Server VM (17.0.4.1+7-b469.62) for windows-amd64 JRE (17.0.4.1+7-b469.62), built on 2022-09-22 by "builduser" with MS VC++ 16.10 / 16.11 (VS2019)

END.
